[2025-12-10T13:14:44.285Z] GET / - IP: ::1
[2025-12-10T13:14:44.367Z] GET /images/logo.png - IP: ::1
[2025-12-10T13:14:47.093Z] GET /favicon.ico - IP: ::1
[2025-12-10T13:14:54.616Z] GET /posts/3 - IP: ::1
[2025-12-10T13:14:54.663Z] GET /images/logo.png - IP: ::1
[2025-12-10T13:14:58.094Z] PATCH /api/posts/3/like - IP: ::1
[2025-12-10T13:15:00.243Z] GET /posts/3 - IP: ::1
[2025-12-10T13:15:00.295Z] GET /images/logo.png - IP: ::1
[2025-12-10T13:15:02.572Z] GET / - IP: ::1
[2025-12-10T13:15:02.631Z] GET /images/logo.png - IP: ::1
[2025-12-10T13:15:07.253Z] GET /posts/1 - IP: ::1
[2025-12-10T13:15:07.304Z] GET /images/logo.png - IP: ::1
[2025-12-10T13:15:11.234Z] GET /api/posts - IP: ::1
[2025-12-10T13:15:17.438Z] GET / - IP: ::1
[2025-12-10T13:15:17.480Z] GET /images/logo.png - IP: ::1
[2025-12-10T13:16:08.428Z] GET /create - IP: ::1
[2025-12-10T13:16:08.526Z] GET /images/logo.png - IP: ::1
[2025-12-10T13:16:34.334Z] POST /posts - IP: ::1
[2025-12-10T13:16:34.341Z] GET / - IP: ::1
[2025-12-10T13:16:34.383Z] GET /images/logo.png - IP: ::1
[2025-12-10T13:16:42.916Z] PATCH /api/posts/4/like - IP: ::1
[2025-12-10T13:16:44.367Z] GET / - IP: ::1
[2025-12-10T13:16:44.457Z] GET /images/logo.png - IP: ::1
[2025-12-10T13:16:57.591Z] GET /api/posts - IP: ::1
